# JRE version: OpenJDK Runtime Environment (8.0_242-b01) (build 1.8.0_242-release-1644-b01)
# Java VM: OpenJDK 64-Bit Server VM (25.242-b01 mixed mode windows-amd64 compressed oops)
Heap:
 PSYoungGen      total 435712K, used 435372K [0x0000000715580000, 0x0000000738c00000, 0x00000007c0000000)
  eden space 352768K, 99% used [0x0000000715580000,0x000000072adb2448,0x000000072ae00000)
  from space 82944K, 99% used [0x000000072ae00000,0x000000072fef8eb8,0x000000072ff00000)
  to   space 101376K, 45% used [0x0000000732900000,0x00000007355a1568,0x0000000738c00000)
 ParOldGen       total 544768K, used 179319K [0x00000005c0000000, 0x00000005e1400000, 0x0000000715580000)
  object space 544768K, 32% used [0x00000005c0000000,0x00000005caf1dd88,0x00000005e1400000)
 Metaspace       used 197454K, capacity 210666K, committed 210928K, reserved 1232896K
  class space    used 25374K, capacity 27912K, committed 27952K, reserved 1048576K
GC Heap History (10 events):
Event: 2654.766 GC heap after
Heap after GC invocations=30 (full 5):
 PSYoungGen      total 389120K, used 0K [0x0000000715580000, 0x0000000732f80000, 0x00000007c0000000)
  eden space 323072K, 0% used [0x0000000715580000,0x0000000715580000,0x0000000729100000)
  from space 66048K, 0% used [0x0000000729100000,0x0000000729100000,0x000000072d180000)
  to   space 71680K, 0% used [0x000000072e980000,0x000000072e980000,0x0000000732f80000)
 ParOldGen       total 544768K, used 161263K [0x00000005c0000000, 0x00000005e1400000, 0x0000000715580000)
  object space 544768K, 29% used [0x00000005c0000000,0x00000005c9d7bf88,0x00000005e1400000)
 Metaspace       used 153333K, capacity 162872K, committed 164336K, reserved 1191936K
  class space    used 19555K, capacity 21303K, committed 21552K, reserved 1048576K
}
Event: 2710.382 GC heap before
{Heap before GC invocations=31 (full 5):
 PSYoungGen      total 389120K, used 323072K [0x0000000715580000, 0x0000000732f80000, 0x00000007c0000000)
  eden space 323072K, 100% used [0x0000000715580000,0x0000000729100000,0x0000000729100000)
  from space 66048K, 0% used [0x0000000729100000,0x0000000729100000,0x000000072d180000)
  to   space 71680K, 0% used [0x000000072e980000,0x000000072e980000,0x0000000732f80000)
 ParOldGen       total 544768K, used 161263K [0x00000005c0000000, 0x00000005e1400000, 0x0000000715580000)
  object space 544768K, 29% used [0x00000005c0000000,0x00000005c9d7bf88,0x00000005e1400000)
 Metaspace       used 158790K, capacity 169300K, committed 169584K, reserved 1196032K
  class space    used 20409K, capacity 22365K, committed 22448K, reserved 1048576K
Event: 2710.416 GC heap after
Heap after GC invocations=31 (full 5):
 PSYoungGen      total 407552K, used 32525K [0x0000000715580000, 0x0000000732900000, 0x00000007c0000000)
  eden space 342528K, 0% used [0x0000000715580000,0x0000000715580000,0x000000072a400000)
  from space 65024K, 50% used [0x000000072e980000,0x0000000730943590,0x0000000732900000)
  to   space 68096K, 0% used [0x000000072a400000,0x000000072a400000,0x000000072e680000)
 ParOldGen       total 544768K, used 161271K [0x00000005c0000000, 0x00000005e1400000, 0x0000000715580000)
  object space 544768K, 29% used [0x00000005c0000000,0x00000005c9d7df88,0x00000005e1400000)
 Metaspace       used 158790K, capacity 169300K, committed 169584K, reserved 1196032K
  class space    used 20409K, capacity 22365K, committed 22448K, reserved 1048576K
}
Event: 2735.588 GC heap before
{Heap before GC invocations=32 (full 5):
 PSYoungGen      total 407552K, used 375053K [0x0000000715580000, 0x0000000732900000, 0x00000007c0000000)
  eden space 342528K, 100% used [0x0000000715580000,0x000000072a400000,0x000000072a400000)
  from space 65024K, 50% used [0x000000072e980000,0x0000000730943590,0x0000000732900000)
  to   space 68096K, 0% used [0x000000072a400000,0x000000072a400000,0x000000072e680000)
 ParOldGen       total 544768K, used 161271K [0x00000005c0000000, 0x00000005e1400000, 0x0000000715580000)
  object space 544768K, 29% used [0x00000005c0000000,0x00000005c9d7df88,0x00000005e1400000)
 Metaspace       used 171453K, capacity 182838K, committed 182896K, reserved 1208320K
  class space    used 22050K, capacity 24218K, committed 24240K, reserved 1048576K
Event: 2735.644 GC heap after
Heap after GC invocations=32 (full 5):
 PSYoungGen      total 410624K, used 61245K [0x0000000715580000, 0x0000000734800000, 0x00000007c0000000)
  eden space 342528K, 0% used [0x0000000715580000,0x0000000715580000,0x000000072a400000)
  from space 68096K, 89% used [0x000000072a400000,0x000000072dfcf640,0x000000072e680000)
  to   space 74752K, 0% used [0x000000072ff00000,0x000000072ff00000,0x0000000734800000)
 ParOldGen       total 544768K, used 161279K [0x00000005c0000000, 0x00000005e1400000, 0x0000000715580000)
  object space 544768K, 29% used [0x00000005c0000000,0x00000005c9d7ff88,0x00000005e1400000)
 Metaspace       used 171453K, capacity 182838K, committed 182896K, reserved 1208320K
  class space    used 22050K, capacity 24218K, committed 24240K, reserved 1048576K
}
Event: 2873.119 GC heap before
{Heap before GC invocations=33 (full 5):
 PSYoungGen      total 410624K, used 403773K [0x0000000715580000, 0x0000000734800000, 0x00000007c0000000)
  eden space 342528K, 100% used [0x0000000715580000,0x000000072a400000,0x000000072a400000)
  from space 68096K, 89% used [0x000000072a400000,0x000000072dfcf640,0x000000072e680000)
  to   space 74752K, 0% used [0x000000072ff00000,0x000000072ff00000,0x0000000734800000)
 ParOldGen       total 544768K, used 161279K [0x00000005c0000000, 0x00000005e1400000, 0x0000000715580000)
  object space 544768K, 29% used [0x00000005c0000000,0x00000005c9d7ff88,0x00000005e1400000)
 Metaspace       used 184529K, capacity 196878K, committed 197104K, reserved 1220608K
  class space    used 23710K, capacity 26074K, committed 26160K, reserved 1048576K
Event: 2873.386 GC heap after
Heap after GC invocations=33 (full 5):
 PSYoungGen      total 427520K, used 67708K [0x0000000715580000, 0x0000000735600000, 0x00000007c0000000)
  eden space 352768K, 0% used [0x0000000715580000,0x0000000715580000,0x000000072ae00000)
  from space 74752K, 90% used [0x000000072ff00000,0x000000073411f080,0x0000000734800000)
  to   space 82944K, 0% used [0x000000072ae00000,0x000000072ae00000,0x000000072ff00000)
 ParOldGen       total 544768K, used 161287K [0x00000005c0000000, 0x00000005e1400000, 0x0000000715580000)
  object space 544768K, 29% used [0x00000005c0000000,0x00000005c9d81f88,0x00000005e1400000)
 Metaspace       used 184529K, capacity 196878K, committed 197104K, reserved 1220608K
  class space    used 23710K, capacity 26074K, committed 26160K, reserved 1048576K
}
Event: 2880.058 GC heap before
{Heap before GC invocations=34 (full 5):
 PSYoungGen      total 427520K, used 420476K [0x0000000715580000, 0x0000000735600000, 0x00000007c0000000)
  eden space 352768K, 100% used [0x0000000715580000,0x000000072ae00000,0x000000072ae00000)
  from space 74752K, 90% used [0x000000072ff00000,0x000000073411f080,0x0000000734800000)
  to   space 82944K, 0% used [0x000000072ae00000,0x000000072ae00000,0x000000072ff00000)
 ParOldGen       total 544768K, used 161287K [0x00000005c0000000, 0x00000005e1400000, 0x0000000715580000)
  object space 544768K, 29% used [0x00000005c0000000,0x00000005c9d81f88,0x00000005e1400000)
 Metaspace       used 197103K, capacity 210268K, committed 210416K, reserved 1232896K
  class space    used 25345K, capacity 27887K, committed 27952K, reserved 1048576K
Event: 2880.139 GC heap after
Heap after GC invocations=34 (full 5):
 PSYoungGen      total 435712K, used 82915K [0x0000000715580000, 0x0000000738c00000, 0x00000007c0000000)
  eden space 352768K, 0% used [0x0000000715580000,0x0000000715580000,0x000000072ae00000)
  from space 82944K, 99% used [0x000000072ae00000,0x000000072fef8eb8,0x000000072ff00000)
  to   space 101376K, 0% used [0x0000000732900000,0x0000000732900000,0x0000000738c00000)
 ParOldGen       total 544768K, used 179311K [0x00000005c0000000, 0x00000005e1400000, 0x0000000715580000)
  object space 544768K, 32% used [0x00000005c0000000,0x00000005caf1bd88,0x00000005e1400000)
 Metaspace       used 197103K, capacity 210268K, committed 210416K, reserved 1232896K
  class space    used 25345K, capacity 27887K, committed 27952K, reserved 1048576K
}
Event: 2912.775 GC heap before
{Heap before GC invocations=35 (full 5):
 PSYoungGen      total 435712K, used 435372K [0x0000000715580000, 0x0000000738c00000, 0x00000007c0000000)
  eden space 352768K, 99% used [0x0000000715580000,0x000000072adb2448,0x000000072ae00000)
  from space 82944K, 99% used [0x000000072ae00000,0x000000072fef8eb8,0x000000072ff00000)
  to   space 101376K, 0% used [0x0000000732900000,0x0000000732900000,0x0000000738c00000)
 ParOldGen       total 544768K, used 179311K [0x00000005c0000000, 0x00000005e1400000, 0x0000000715580000)
  object space 544768K, 32% used [0x00000005c0000000,0x00000005caf1bd88,0x00000005e1400000)
 Metaspace       used 197454K, capacity 210666K, committed 210928K, reserved 1232896K
  class space    used 25374K, capacity 27912K, committed 27952K, reserved 1048576K

